1612540460331	geckodriver	INFO	Listening on 127.0.0.1:42725
1612540460340	mozrunner::runner	INFO	Running command: "/usr/bin/firefox" "--marionette" "-foreground" "-no-remote" "-profile" "/tmp/rust_mozprofileVjo3bJ"
console.warn: SearchSettings: "get: No settings file exists, new profile?" (new Error("", "(unknown module)"))
console.warn: SearchSettings: "get: No settings file exists, new profile?" (new Error("", "(unknown module)"))
1612540465387	Marionette	INFO	Listening on port 37321
1612540465503	Marionette	WARN	TLS certificate errors will be ignored for this session
1612540465532	Marionette	ERROR	[15] No reply from Marionette:Register
console.warn: LoginRecipes: "getRecipes: falling back to a synchronous message for:" "https://login.indraweb.net"
1612540715214	geckodriver	INFO	Listening on 127.0.0.1:50313
1612540715223	mozrunner::runner	INFO	Running command: "/usr/bin/firefox" "--marionette" "-foreground" "-no-remote" "-profile" "/tmp/rust_mozprofileou6mmz"
console.warn: SearchSettings: "get: No settings file exists, new profile?" (new Error("", "(unknown module)"))
console.warn: SearchSettings: "get: No settings file exists, new profile?" (new Error("", "(unknown module)"))
1612540720224	Marionette	INFO	Listening on port 43303
1612540720300	Marionette	WARN	TLS certificate errors will be ignored for this session
1612540720329	Marionette	ERROR	[15] No reply from Marionette:Register
1612540738615	Marionette	INFO	Stopped listening on port 43303

###!!! [Parent][RunMessage] Error: Channel closing: too late to send/recv, messages will be lost

1612540750275	Marionette	INFO	Stopped listening on port 37321

###!!! [Parent][RunMessage] Error: Channel closing: too late to send/recv, messages will be lost

1612540910204	geckodriver	INFO	Listening on 127.0.0.1:43225
1612540910213	mozrunner::runner	INFO	Running command: "/usr/bin/firefox" "--marionette" "-foreground" "-no-remote" "-profile" "/tmp/rust_mozprofilecSAVkL"
console.warn: SearchSettings: "get: No settings file exists, new profile?" (new Error("", "(unknown module)"))
1612540915257	Marionette	INFO	Listening on port 37533
1612540915378	Marionette	WARN	TLS certificate errors will be ignored for this session
1612540915407	Marionette	ERROR	[15] No reply from Marionette:Register
console.error: Region.jsm: "Error fetching region" (new Error("TIMEOUT", "resource://gre/modules/Region.jsm", 775))
console.error: Region.jsm: "Failed to fetch region" (new Error("TIMEOUT", "resource://gre/modules/Region.jsm", 422))
1612540925963	Marionette	INFO	Stopped listening on port 37533

###!!! [Parent][RunMessage] Error: Channel closing: too late to send/recv, messages will be lost

1612540997949	geckodriver	INFO	Listening on 127.0.0.1:50043
1612540997958	mozrunner::runner	INFO	Running command: "/usr/bin/firefox" "--marionette" "-foreground" "-no-remote" "-profile" "/tmp/rust_mozprofile7Hba6f"
console.warn: SearchSettings: "get: No settings file exists, new profile?" (new Error("", "(unknown module)"))
console.warn: SearchSettings: "get: No settings file exists, new profile?" (new Error("", "(unknown module)"))
1612541002992	Marionette	INFO	Listening on port 46057
1612541003120	Marionette	WARN	TLS certificate errors will be ignored for this session
1612541003146	Marionette	ERROR	[15] No reply from Marionette:Register
1612541073946	geckodriver	INFO	Listening on 127.0.0.1:43765
1612541073955	mozrunner::runner	INFO	Running command: "/usr/bin/firefox" "--marionette" "-foreground" "-no-remote" "-profile" "/tmp/rust_mozprofilez4jXdl"
console.warn: SearchSettings: "get: No settings file exists, new profile?" (new Error("", "(unknown module)"))
console.warn: SearchSettings: "get: No settings file exists, new profile?" (new Error("", "(unknown module)"))
1612541079012	Marionette	INFO	Listening on port 33859
1612541079123	Marionette	WARN	TLS certificate errors will be ignored for this session
1612541079153	Marionette	ERROR	[15] No reply from Marionette:Register
1612541084862	Marionette	INFO	Stopped listening on port 33859

###!!! [Parent][RunMessage] Error: Channel closing: too late to send/recv, messages will be lost

1612541115822	Marionette	INFO	Stopped listening on port 46057

###!!! [Parent][RunMessage] Error: Channel closing: too late to send/recv, messages will be lost

1612541227047	geckodriver	INFO	Listening on 127.0.0.1:54229
1612541227056	mozrunner::runner	INFO	Running command: "/usr/bin/firefox" "--marionette" "-foreground" "-no-remote" "-profile" "/tmp/rust_mozprofilem6eipg"
console.warn: SearchSettings: "get: No settings file exists, new profile?" (new Error("", "(unknown module)"))
console.warn: SearchSettings: "get: No settings file exists, new profile?" (new Error("", "(unknown module)"))
1612541232074	Marionette	INFO	Listening on port 43127
1612541232222	Marionette	WARN	TLS certificate errors will be ignored for this session
1612541232249	Marionette	ERROR	[15] No reply from Marionette:Register
1612541238356	Marionette	INFO	Stopped listening on port 43127

###!!! [Parent][RunMessage] Error: Channel closing: too late to send/recv, messages will be lost

1612541258319	geckodriver	INFO	Listening on 127.0.0.1:50467
1612541258328	mozrunner::runner	INFO	Running command: "/usr/bin/firefox" "--marionette" "-foreground" "-no-remote" "-profile" "/tmp/rust_mozprofilew7dPzz"
console.warn: SearchSettings: "get: No settings file exists, new profile?" (new Error("", "(unknown module)"))
1612541263029	Marionette	INFO	Listening on port 35813
1612541263088	Marionette	WARN	TLS certificate errors will be ignored for this session
1612541263113	Marionette	ERROR	[15] No reply from Marionette:Register
1612541265958	Marionette	INFO	Stopped listening on port 35813
JavaScript error: resource://activity-stream/lib/ASRouter.jsm, line 987: NS_ERROR_ILLEGAL_VALUE: Component returned failure code: 0x80070057 (NS_ERROR_ILLEGAL_VALUE) [nsIObserverService.removeObserver]
console.error: Region.jsm: "Error fetching region" (new TypeError("NetworkError when attempting to fetch resource.", ""))
console.error: Region.jsm: "Failed to fetch region" (new Error("NO_RESULT", "resource://gre/modules/Region.jsm", 422))

###!!! [Parent][RunMessage] Error: Channel closing: too late to send/recv, messages will be lost

1612541303070	geckodriver	INFO	Listening on 127.0.0.1:36571
1612541303078	mozrunner::runner	INFO	Running command: "/usr/bin/firefox" "--marionette" "-foreground" "-no-remote" "-profile" "/tmp/rust_mozprofileotdbev"
console.warn: SearchSettings: "get: No settings file exists, new profile?" (new Error("", "(unknown module)"))
console.warn: SearchSettings: "get: No settings file exists, new profile?" (new Error("", "(unknown module)"))
1612541308297	Marionette	INFO	Listening on port 42179
1612541308478	Marionette	WARN	TLS certificate errors will be ignored for this session
1612541308511	Marionette	ERROR	[15] No reply from Marionette:Register
1612541314881	Marionette	INFO	Stopped listening on port 42179
JavaScript error: resource://gre/modules/UrlClassifierListManager.jsm, line 691: TypeError: this.tablesData[table] is undefined

###!!! [Parent][RunMessage] Error: Channel closing: too late to send/recv, messages will be lost

1612541385669	geckodriver	INFO	Listening on 127.0.0.1:54455
1612541385678	mozrunner::runner	INFO	Running command: "/usr/bin/firefox" "--marionette" "-foreground" "-no-remote" "-profile" "/tmp/rust_mozprofiler6fbEP"
console.warn: SearchSettings: "get: No settings file exists, new profile?" (new Error("", "(unknown module)"))
console.warn: SearchSettings: "get: No settings file exists, new profile?" (new Error("", "(unknown module)"))
1612541391050	Marionette	INFO	Listening on port 32831
1612541391166	Marionette	WARN	TLS certificate errors will be ignored for this session
1612541391194	Marionette	ERROR	[15] No reply from Marionette:Register
1612541392453	Marionette	INFO	Stopped listening on port 32831

###!!! [Parent][RunMessage] Error: Channel closing: too late to send/recv, messages will be lost

1612542422303	geckodriver	INFO	Listening on 127.0.0.1:58565
1612542422312	mozrunner::runner	INFO	Running command: "/usr/bin/firefox" "--marionette" "-foreground" "-no-remote" "-profile" "/tmp/rust_mozprofile12bVbn"
console.warn: SearchSettings: "get: No settings file exists, new profile?" (new Error("", "(unknown module)"))
console.warn: SearchSettings: "get: No settings file exists, new profile?" (new Error("", "(unknown module)"))
1612542427721	Marionette	INFO	Listening on port 46851
1612542427783	Marionette	WARN	TLS certificate errors will be ignored for this session
1612542427818	Marionette	ERROR	[15] No reply from Marionette:Register
1612542430304	Marionette	INFO	Stopped listening on port 46851

###!!! [Parent][RunMessage] Error: Channel closing: too late to send/recv, messages will be lost

1612542514645	geckodriver	INFO	Listening on 127.0.0.1:60961
1612542514653	mozrunner::runner	INFO	Running command: "/usr/bin/firefox" "--marionette" "-foreground" "-no-remote" "-profile" "/tmp/rust_mozprofileW6JJNP"
console.warn: SearchSettings: "get: No settings file exists, new profile?" (new Error("", "(unknown module)"))
console.warn: SearchSettings: "get: No settings file exists, new profile?" (new Error("", "(unknown module)"))
1612542519781	Marionette	INFO	Listening on port 35347
1612542519920	Marionette	WARN	TLS certificate errors will be ignored for this session
1612542519945	Marionette	ERROR	[15] No reply from Marionette:Register
1612542526552	Marionette	INFO	Stopped listening on port 35347

###!!! [Parent][RunMessage] Error: Channel closing: too late to send/recv, messages will be lost

1612542799037	geckodriver	INFO	Listening on 127.0.0.1:49527
1612542799046	mozrunner::runner	INFO	Running command: "/usr/bin/firefox" "--marionette" "-foreground" "-no-remote" "-profile" "/tmp/rust_mozprofileMS2jos"
console.warn: SearchSettings: "get: No settings file exists, new profile?" (new Error("", "(unknown module)"))
1612542804176	Marionette	INFO	Listening on port 38945
1612542804309	Marionette	WARN	TLS certificate errors will be ignored for this session
1612542804332	Marionette	ERROR	[15] No reply from Marionette:Register
console.error: Region.jsm: "Error fetching region" (new Error("TIMEOUT", "resource://gre/modules/Region.jsm", 775))
console.error: Region.jsm: "Failed to fetch region" (new Error("TIMEOUT", "resource://gre/modules/Region.jsm", 422))
1612542811950	Marionette	INFO	Stopped listening on port 38945

###!!! [Parent][RunMessage] Error: Channel closing: too late to send/recv, messages will be lost

1612543251208	geckodriver	INFO	Listening on 127.0.0.1:57583
1612543251217	mozrunner::runner	INFO	Running command: "/usr/bin/firefox" "--marionette" "-foreground" "-no-remote" "-profile" "/tmp/rust_mozprofilefTyLWQ"
console.warn: SearchSettings: "get: No settings file exists, new profile?" (new Error("", "(unknown module)"))
console.warn: SearchSettings: "get: No settings file exists, new profile?" (new Error("", "(unknown module)"))
1612543256301	Marionette	INFO	Listening on port 36265
1612543256400	Marionette	WARN	TLS certificate errors will be ignored for this session
1612543256431	Marionette	ERROR	[15] No reply from Marionette:Register
1612543294715	geckodriver	INFO	Listening on 127.0.0.1:48415
1612543294724	mozrunner::runner	INFO	Running command: "/usr/bin/firefox" "--marionette" "-foreground" "-no-remote" "-profile" "/tmp/rust_mozprofileKH7v2w"
console.warn: SearchSettings: "get: No settings file exists, new profile?" (new Error("", "(unknown module)"))
1612543299634	Marionette	INFO	Listening on port 33087
1612543299702	Marionette	WARN	TLS certificate errors will be ignored for this session
1612543299726	Marionette	ERROR	[15] No reply from Marionette:Register
console.error: Region.jsm: "Error fetching region" (new Error("TIMEOUT", "resource://gre/modules/Region.jsm", 775))
console.error: Region.jsm: "Failed to fetch region" (new Error("TIMEOUT", "resource://gre/modules/Region.jsm", 422))
1612543306469	Marionette	INFO	Stopped listening on port 33087
JavaScript error: resource://gre/modules/UrlClassifierListManager.jsm, line 691: TypeError: this.tablesData[table] is undefined

###!!! [Parent][RunMessage] Error: Channel closing: too late to send/recv, messages will be lost

